# JRE version: OpenJDK Runtime Environment (8.0_112-b06) (build 1.8.0_112-release-b06)
# Java VM: OpenJDK 64-Bit Server VM (25.112-b06 mixed mode windows-amd64 compressed oops)
Heap:
 PSYoungGen      total 304128K, used 263823K [0x00000000eab00000, 0x00000000fef80000, 0x0000000100000000)
  eden space 279552K, 94% used [0x00000000eab00000,0x00000000faca3d68,0x00000000fbc00000)
  from space 24576K, 0% used [0x00000000fd480000,0x00000000fd480000,0x00000000fec80000)
  to   space 25088K, 0% used [0x00000000fbc00000,0x00000000fbc00000,0x00000000fd480000)
 ParOldGen       total 122368K, used 45574K [0x00000000c0000000, 0x00000000c7780000, 0x00000000eab00000)
  object space 122368K, 37% used [0x00000000c0000000,0x00000000c2c81ad0,0x00000000c7780000)
 Metaspace       used 61738K, capacity 64326K, committed 64640K, reserved 1105920K
  class space    used 8221K, capacity 8766K, committed 8832K, reserved 1048576K
GC Heap History (10 events):
Event: 15.727 GC heap before
{Heap before GC invocations=11 (full 2):
 PSYoungGen      total 151552K, used 139776K [0x00000000eab00000, 0x00000000f4b80000, 0x0000000100000000)
  eden space 139776K, 100% used [0x00000000eab00000,0x00000000f3380000,0x00000000f3380000)
  from space 11776K, 0% used [0x00000000f4000000,0x00000000f4000000,0x00000000f4b80000)
  to   space 12288K, 0% used [0x00000000f3380000,0x00000000f3380000,0x00000000f3f80000)
 ParOldGen       total 73728K, used 16169K [0x00000000c0000000, 0x00000000c4800000, 0x00000000eab00000)
  object space 73728K, 21% used [0x00000000c0000000,0x00000000c0fca4a0,0x00000000c4800000)
 Metaspace       used 43003K, capacity 44008K, committed 44288K, reserved 1087488K
  class space    used 5771K, capacity 6050K, committed 6144K, reserved 1048576K
Event: 15.753 GC heap after
Heap after GC invocations=11 (full 2):
 PSYoungGen      total 152064K, used 12257K [0x00000000eab00000, 0x00000000f8c00000, 0x0000000100000000)
  eden space 139776K, 0% used [0x00000000eab00000,0x00000000eab00000,0x00000000f3380000)
  from space 12288K, 99% used [0x00000000f3380000,0x00000000f3f78498,0x00000000f3f80000)
  to   space 13824K, 0% used [0x00000000f7e80000,0x00000000f7e80000,0x00000000f8c00000)
 ParOldGen       total 73728K, used 16245K [0x00000000c0000000, 0x00000000c4800000, 0x00000000eab00000)
  object space 73728K, 22% used [0x00000000c0000000,0x00000000c0fdd7f8,0x00000000c4800000)
 Metaspace       used 43003K, capacity 44008K, committed 44288K, reserved 1087488K
  class space    used 5771K, capacity 6050K, committed 6144K, reserved 1048576K
}
Event: 17.205 GC heap before
{Heap before GC invocations=12 (full 2):
 PSYoungGen      total 152064K, used 152033K [0x00000000eab00000, 0x00000000f8c00000, 0x0000000100000000)
  eden space 139776K, 100% used [0x00000000eab00000,0x00000000f3380000,0x00000000f3380000)
  from space 12288K, 99% used [0x00000000f3380000,0x00000000f3f78498,0x00000000f3f80000)
  to   space 13824K, 0% used [0x00000000f7e80000,0x00000000f7e80000,0x00000000f8c00000)
 ParOldGen       total 73728K, used 16245K [0x00000000c0000000, 0x00000000c4800000, 0x00000000eab00000)
  object space 73728K, 22% used [0x00000000c0000000,0x00000000c0fdd7f8,0x00000000c4800000)
 Metaspace       used 45978K, capacity 47224K, committed 47488K, reserved 1089536K
  class space    used 6120K, capacity 6444K, committed 6528K, reserved 1048576K
Event: 17.233 GC heap after
Heap after GC invocations=12 (full 2):
 PSYoungGen      total 214016K, used 13795K [0x00000000eab00000, 0x00000000f8f00000, 0x0000000100000000)
  eden space 200192K, 0% used [0x00000000eab00000,0x00000000eab00000,0x00000000f6e80000)
  from space 13824K, 99% used [0x00000000f7e80000,0x00000000f8bf8d60,0x00000000f8c00000)
  to   space 16384K, 0% used [0x00000000f6e80000,0x00000000f6e80000,0x00000000f7e80000)
 ParOldGen       total 73728K, used 18908K [0x00000000c0000000, 0x00000000c4800000, 0x00000000eab00000)
  object space 73728K, 25% used [0x00000000c0000000,0x00000000c1277168,0x00000000c4800000)
 Metaspace       used 45978K, capacity 47224K, committed 47488K, reserved 1089536K
  class space    used 6120K, capacity 6444K, committed 6528K, reserved 1048576K
}
Event: 110.909 GC heap before
{Heap before GC invocations=13 (full 2):
 PSYoungGen      total 214016K, used 213987K [0x00000000eab00000, 0x00000000f8f00000, 0x0000000100000000)
  eden space 200192K, 100% used [0x00000000eab00000,0x00000000f6e80000,0x00000000f6e80000)
  from space 13824K, 99% used [0x00000000f7e80000,0x00000000f8bf8d60,0x00000000f8c00000)
  to   space 16384K, 0% used [0x00000000f6e80000,0x00000000f6e80000,0x00000000f7e80000)
 ParOldGen       total 73728K, used 18908K [0x00000000c0000000, 0x00000000c4800000, 0x00000000eab00000)
  object space 73728K, 25% used [0x00000000c0000000,0x00000000c1277168,0x00000000c4800000)
 Metaspace       used 54192K, capacity 56094K, committed 56320K, reserved 1097728K
  class space    used 7394K, capacity 7853K, committed 7936K, reserved 1048576K
Event: 110.977 GC heap after
Heap after GC invocations=13 (full 2):
 PSYoungGen      total 216576K, used 16362K [0x00000000eab00000, 0x00000000fec80000, 0x0000000100000000)
  eden space 200192K, 0% used [0x00000000eab00000,0x00000000eab00000,0x00000000f6e80000)
  from space 16384K, 99% used [0x00000000f6e80000,0x00000000f7e7a960,0x00000000f7e80000)
  to   space 24576K, 0% used [0x00000000fd480000,0x00000000fd480000,0x00000000fec80000)
 ParOldGen       total 73728K, used 36383K [0x00000000c0000000, 0x00000000c4800000, 0x00000000eab00000)
  object space 73728K, 49% used [0x00000000c0000000,0x00000000c2387fd0,0x00000000c4800000)
 Metaspace       used 54192K, capacity 56094K, committed 56320K, reserved 1097728K
  class space    used 7394K, capacity 7853K, committed 7936K, reserved 1048576K
}
Event: 111.862 GC heap before
{Heap before GC invocations=14 (full 2):
 PSYoungGen      total 216576K, used 41497K [0x00000000eab00000, 0x00000000fec80000, 0x0000000100000000)
  eden space 200192K, 12% used [0x00000000eab00000,0x00000000ec38bce0,0x00000000f6e80000)
  from space 16384K, 99% used [0x00000000f6e80000,0x00000000f7e7a960,0x00000000f7e80000)
  to   space 24576K, 0% used [0x00000000fd480000,0x00000000fd480000,0x00000000fec80000)
 ParOldGen       total 73728K, used 36383K [0x00000000c0000000, 0x00000000c4800000, 0x00000000eab00000)
  object space 73728K, 49% used [0x00000000c0000000,0x00000000c2387fd0,0x00000000c4800000)
 Metaspace       used 56770K, capacity 59060K, committed 59136K, reserved 1099776K
  class space    used 7695K, capacity 8179K, committed 8192K, reserved 1048576K
Event: 111.895 GC heap after
Heap after GC invocations=14 (full 2):
 PSYoungGen      total 304128K, used 3375K [0x00000000eab00000, 0x00000000fef80000, 0x0000000100000000)
  eden space 279552K, 0% used [0x00000000eab00000,0x00000000eab00000,0x00000000fbc00000)
  from space 24576K, 13% used [0x00000000fd480000,0x00000000fd7cbd90,0x00000000fec80000)
  to   space 25088K, 0% used [0x00000000fbc00000,0x00000000fbc00000,0x00000000fd480000)
 ParOldGen       total 73728K, used 52649K [0x00000000c0000000, 0x00000000c4800000, 0x00000000eab00000)
  object space 73728K, 71% used [0x00000000c0000000,0x00000000c336a688,0x00000000c4800000)
 Metaspace       used 56770K, capacity 59060K, committed 59136K, reserved 1099776K
  class space    used 7695K, capacity 8179K, committed 8192K, reserved 1048576K
}
Event: 111.895 GC heap before
{Heap before GC invocations=15 (full 3):
 PSYoungGen      total 304128K, used 3375K [0x00000000eab00000, 0x00000000fef80000, 0x0000000100000000)
  eden space 279552K, 0% used [0x00000000eab00000,0x00000000eab00000,0x00000000fbc00000)
  from space 24576K, 13% used [0x00000000fd480000,0x00000000fd7cbd90,0x00000000fec80000)
  to   space 25088K, 0% used [0x00000000fbc00000,0x00000000fbc00000,0x00000000fd480000)
 ParOldGen       total 73728K, used 52649K [0x00000000c0000000, 0x00000000c4800000, 0x00000000eab00000)
  object space 73728K, 71% used [0x00000000c0000000,0x00000000c336a688,0x00000000c4800000)
 Metaspace       used 56770K, capacity 59060K, committed 59136K, reserved 1099776K
  class space    used 7695K, capacity 8179K, committed 8192K, reserved 1048576K
Event: 112.323 GC heap after
Heap after GC invocations=15 (full 3):
 PSYoungGen      total 304128K, used 0K [0x00000000eab00000, 0x00000000fef80000, 0x0000000100000000)
  eden space 279552K, 0% used [0x00000000eab00000,0x00000000eab00000,0x00000000fbc00000)
  from space 24576K, 0% used [0x00000000fd480000,0x00000000fd480000,0x00000000fec80000)
  to   space 25088K, 0% used [0x00000000fbc00000,0x00000000fbc00000,0x00000000fd480000)
 ParOldGen       total 122368K, used 45574K [0x00000000c0000000, 0x00000000c7780000, 0x00000000eab00000)
  object space 122368K, 37% used [0x00000000c0000000,0x00000000c2c81ad0,0x00000000c7780000)
 Metaspace       used 56770K, capacity 59060K, committed 59136K, reserved 1099776K
  class space    used 7695K, capacity 8179K, committed 8192K, reserved 1048576K
}

