# JRE version: OpenJDK Runtime Environment (8.0_112-b06) (build 1.8.0_112-release-b06)
# Java VM: OpenJDK 64-Bit Server VM (25.112-b06 mixed mode windows-amd64 compressed oops)
Heap:
 PSYoungGen      total 201728K, used 201713K [0x00000000eab00000, 0x00000000fc500000, 0x0000000100000000)
  eden space 154112K, 100% used [0x00000000eab00000,0x00000000f4180000,0x00000000f4180000)
  from space 47616K, 99% used [0x00000000f4180000,0x00000000f6ffc548,0x00000000f7000000)
  to   space 57856K, 0% used [0x00000000f8c80000,0x00000000f8c80000,0x00000000fc500000)
 ParOldGen       total 415744K, used 415265K [0x00000000c0000000, 0x00000000d9600000, 0x00000000eab00000)
  object space 415744K, 99% used [0x00000000c0000000,0x00000000d9588718,0x00000000d9600000)
 Metaspace       used 79424K, capacity 86882K, committed 87168K, reserved 1124352K
  class space    used 10247K, capacity 11352K, committed 11392K, reserved 1048576K
GC Heap History (10 events):
Event: 23330.494 GC heap after
Heap after GC invocations=78 (full 3):
 PSYoungGen      total 174592K, used 18072K [0x00000000eab00000, 0x00000000f9d80000, 0x0000000100000000)
  eden space 156160K, 0% used [0x00000000eab00000,0x00000000eab00000,0x00000000f4380000)
  from space 18432K, 98% used [0x00000000f4780000,0x00000000f5926370,0x00000000f5980000)
  to   space 46080K, 0% used [0x00000000f7080000,0x00000000f7080000,0x00000000f9d80000)
 ParOldGen       total 193024K, used 165972K [0x00000000c0000000, 0x00000000cbc80000, 0x00000000eab00000)
  object space 193024K, 85% used [0x00000000c0000000,0x00000000ca215378,0x00000000cbc80000)
 Metaspace       used 78068K, capacity 85420K, committed 85760K, reserved 1124352K
  class space    used 10106K, capacity 11219K, committed 11264K, reserved 1048576K
}
Event: 23345.301 GC heap before
{Heap before GC invocations=79 (full 3):
 PSYoungGen      total 174592K, used 174232K [0x00000000eab00000, 0x00000000f9d80000, 0x0000000100000000)
  eden space 156160K, 100% used [0x00000000eab00000,0x00000000f4380000,0x00000000f4380000)
  from space 18432K, 98% used [0x00000000f4780000,0x00000000f5926370,0x00000000f5980000)
  to   space 46080K, 0% used [0x00000000f7080000,0x00000000f7080000,0x00000000f9d80000)
 ParOldGen       total 193024K, used 165972K [0x00000000c0000000, 0x00000000cbc80000, 0x00000000eab00000)
  object space 193024K, 85% used [0x00000000c0000000,0x00000000ca215378,0x00000000cbc80000)
 Metaspace       used 79177K, capacity 86594K, committed 86912K, reserved 1124352K
  class space    used 10219K, capacity 11328K, committed 11392K, reserved 1048576K
Event: 23346.186 GC heap after
Heap after GC invocations=79 (full 3):
 PSYoungGen      total 203776K, used 13090K [0x00000000eab00000, 0x00000000fa700000, 0x0000000100000000)
  eden space 157696K, 0% used [0x00000000eab00000,0x00000000eab00000,0x00000000f4500000)
  from space 46080K, 28% used [0x00000000f7080000,0x00000000f7d489d0,0x00000000f9d80000)
  to   space 44544K, 0% used [0x00000000f4500000,0x00000000f4500000,0x00000000f7080000)
 ParOldGen       total 193024K, used 166052K [0x00000000c0000000, 0x00000000cbc80000, 0x00000000eab00000)
  object space 193024K, 86% used [0x00000000c0000000,0x00000000ca229378,0x00000000cbc80000)
 Metaspace       used 79177K, capacity 86594K, committed 86912K, reserved 1124352K
  class space    used 10219K, capacity 11328K, committed 11392K, reserved 1048576K
}
Event: 23360.935 GC heap before
{Heap before GC invocations=80 (full 3):
 PSYoungGen      total 203776K, used 170786K [0x00000000eab00000, 0x00000000fa700000, 0x0000000100000000)
  eden space 157696K, 100% used [0x00000000eab00000,0x00000000f4500000,0x00000000f4500000)
  from space 46080K, 28% used [0x00000000f7080000,0x00000000f7d489d0,0x00000000f9d80000)
  to   space 44544K, 0% used [0x00000000f4500000,0x00000000f4500000,0x00000000f7080000)
 ParOldGen       total 193024K, used 166052K [0x00000000c0000000, 0x00000000cbc80000, 0x00000000eab00000)
  object space 193024K, 86% used [0x00000000c0000000,0x00000000ca229378,0x00000000cbc80000)
 Metaspace       used 79225K, capacity 86632K, committed 86912K, reserved 1124352K
  class space    used 10222K, capacity 11333K, committed 11392K, reserved 1048576K
Event: 23360.987 GC heap after
Heap after GC invocations=80 (full 3):
 PSYoungGen      total 202240K, used 40239K [0x00000000eab00000, 0x00000000fb200000, 0x0000000100000000)
  eden space 157696K, 0% used [0x00000000eab00000,0x00000000eab00000,0x00000000f4500000)
  from space 44544K, 90% used [0x00000000f4500000,0x00000000f6c4bf58,0x00000000f7080000)
  to   space 50176K, 0% used [0x00000000f8100000,0x00000000f8100000,0x00000000fb200000)
 ParOldGen       total 193024K, used 166196K [0x00000000c0000000, 0x00000000cbc80000, 0x00000000eab00000)
  object space 193024K, 86% used [0x00000000c0000000,0x00000000ca24d398,0x00000000cbc80000)
 Metaspace       used 79225K, capacity 86632K, committed 86912K, reserved 1124352K
  class space    used 10222K, capacity 11333K, committed 11392K, reserved 1048576K
}
Event: 23415.069 GC heap before
{Heap before GC invocations=81 (full 3):
 PSYoungGen      total 202240K, used 197935K [0x00000000eab00000, 0x00000000fb200000, 0x0000000100000000)
  eden space 157696K, 100% used [0x00000000eab00000,0x00000000f4500000,0x00000000f4500000)
  from space 44544K, 90% used [0x00000000f4500000,0x00000000f6c4bf58,0x00000000f7080000)
  to   space 50176K, 0% used [0x00000000f8100000,0x00000000f8100000,0x00000000fb200000)
 ParOldGen       total 193024K, used 166196K [0x00000000c0000000, 0x00000000cbc80000, 0x00000000eab00000)
  object space 193024K, 86% used [0x00000000c0000000,0x00000000ca24d398,0x00000000cbc80000)
 Metaspace       used 79412K, capacity 86870K, committed 86912K, reserved 1124352K
  class space    used 10247K, capacity 11352K, committed 11392K, reserved 1048576K
Event: 23415.095 GC heap after
Heap after GC invocations=81 (full 3):
 PSYoungGen      total 184320K, used 19088K [0x00000000eab00000, 0x00000000f9e80000, 0x0000000100000000)
  eden space 154112K, 0% used [0x00000000eab00000,0x00000000eab00000,0x00000000f4180000)
  from space 30208K, 63% used [0x00000000f8100000,0x00000000f93a4030,0x00000000f9e80000)
  to   space 47616K, 0% used [0x00000000f4180000,0x00000000f4180000,0x00000000f7000000)
 ParOldGen       total 193024K, used 166204K [0x00000000c0000000, 0x00000000cbc80000, 0x00000000eab00000)
  object space 193024K, 86% used [0x00000000c0000000,0x00000000ca24f398,0x00000000cbc80000)
 Metaspace       used 79412K, capacity 86870K, committed 86912K, reserved 1124352K
  class space    used 10247K, capacity 11352K, committed 11392K, reserved 1048576K
}
Event: 23415.312 GC heap before
{Heap before GC invocations=82 (full 3):
 PSYoungGen      total 184320K, used 167478K [0x00000000eab00000, 0x00000000f9e80000, 0x0000000100000000)
  eden space 154112K, 96% used [0x00000000eab00000,0x00000000f3be9af0,0x00000000f4180000)
  from space 30208K, 63% used [0x00000000f8100000,0x00000000f93a4030,0x00000000f9e80000)
  to   space 47616K, 0% used [0x00000000f4180000,0x00000000f4180000,0x00000000f7000000)
 ParOldGen       total 193024K, used 174396K [0x00000000c0000000, 0x00000000cbc80000, 0x00000000eab00000)
  object space 193024K, 90% used [0x00000000c0000000,0x00000000caa4f3a8,0x00000000cbc80000)
 Metaspace       used 79416K, capacity 86870K, committed 86912K, reserved 1124352K
  class space    used 10247K, capacity 11352K, committed 11392K, reserved 1048576K
Event: 23415.342 GC heap after
Heap after GC invocations=82 (full 3):
 PSYoungGen      total 201728K, used 47601K [0x00000000eab00000, 0x00000000fc500000, 0x0000000100000000)
  eden space 154112K, 0% used [0x00000000eab00000,0x00000000eab00000,0x00000000f4180000)
  from space 47616K, 99% used [0x00000000f4180000,0x00000000f6ffc548,0x00000000f7000000)
  to   space 57856K, 0% used [0x00000000f8c80000,0x00000000f8c80000,0x00000000fc500000)
 ParOldGen       total 193024K, used 183137K [0x00000000c0000000, 0x00000000cbc80000, 0x00000000eab00000)
  object space 193024K, 94% used [0x00000000c0000000,0x00000000cb2d87c8,0x00000000cbc80000)
 Metaspace       used 79416K, capacity 86870K, committed 86912K, reserved 1124352K
  class space    used 10247K, capacity 11352K, committed 11392K, reserved 1048576K
}
Event: 23417.248 GC heap before
{Heap before GC invocations=83 (full 4):
 PSYoungGen      total 201728K, used 201713K [0x00000000eab00000, 0x00000000fc500000, 0x0000000100000000)
  eden space 154112K, 100% used [0x00000000eab00000,0x00000000f4180000,0x00000000f4180000)
  from space 47616K, 99% used [0x00000000f4180000,0x00000000f6ffc548,0x00000000f7000000)
  to   space 57856K, 0% used [0x00000000f8c80000,0x00000000f8c80000,0x00000000fc500000)
 ParOldGen       total 415744K, used 415265K [0x00000000c0000000, 0x00000000d9600000, 0x00000000eab00000)
  object space 415744K, 99% used [0x00000000c0000000,0x00000000d9588718,0x00000000d9600000)
 Metaspace       used 79424K, capacity 86882K, committed 87168K, reserved 1124352K
  class space    used 10247K, capacity 11352K, committed 11392K, reserved 1048576K

