# JRE version: OpenJDK Runtime Environment (8.0_112-b06) (build 1.8.0_112-release-b06)
# Java VM: OpenJDK 64-Bit Server VM (25.112-b06 mixed mode windows-amd64 compressed oops)
Heap:
 PSYoungGen      total 322560K, used 18946K [0x00000000eab00000, 0x0000000100000000, 0x0000000100000000)
  eden space 299008K, 0% used [0x00000000eab00000,0x00000000eab00000,0x00000000fcf00000)
  from space 23552K, 80% used [0x00000000fe900000,0x00000000ffb80bc0,0x0000000100000000)
  to   space 25088K, 0% used [0x00000000fcf00000,0x00000000fcf00000,0x00000000fe780000)
 ParOldGen       total 72704K, used 39901K [0x00000000c0000000, 0x00000000c4700000, 0x00000000eab00000)
  object space 72704K, 54% used [0x00000000c0000000,0x00000000c26f75a8,0x00000000c4700000)
 Metaspace       used 56653K, capacity 58944K, committed 59136K, reserved 1099776K
  class space    used 7685K, capacity 8179K, committed 8192K, reserved 1048576K
GC Heap History (10 events):
Event: 9.726 GC heap after
Heap after GC invocations=8 (full 1):
 PSYoungGen      total 165376K, used 9058K [0x00000000eab00000, 0x00000000fd800000, 0x0000000100000000)
  eden space 152064K, 0% used [0x00000000eab00000,0x00000000eab00000,0x00000000f3f80000)
  from space 13312K, 68% used [0x00000000f3f80000,0x00000000f4858b50,0x00000000f4c80000)
  to   space 12800K, 0% used [0x00000000fcb80000,0x00000000fcb80000,0x00000000fd800000)
 ParOldGen       total 57856K, used 11230K [0x00000000c0000000, 0x00000000c3880000, 0x00000000eab00000)
  object space 57856K, 19% used [0x00000000c0000000,0x00000000c0af7a98,0x00000000c3880000)
 Metaspace       used 34578K, capacity 35354K, committed 35496K, reserved 1079296K
  class space    used 4654K, capacity 4851K, committed 4864K, reserved 1048576K
}
Event: 9.726 GC heap before
{Heap before GC invocations=9 (full 2):
 PSYoungGen      total 165376K, used 9058K [0x00000000eab00000, 0x00000000fd800000, 0x0000000100000000)
  eden space 152064K, 0% used [0x00000000eab00000,0x00000000eab00000,0x00000000f3f80000)
  from space 13312K, 68% used [0x00000000f3f80000,0x00000000f4858b50,0x00000000f4c80000)
  to   space 12800K, 0% used [0x00000000fcb80000,0x00000000fcb80000,0x00000000fd800000)
 ParOldGen       total 57856K, used 11230K [0x00000000c0000000, 0x00000000c3880000, 0x00000000eab00000)
  object space 57856K, 19% used [0x00000000c0000000,0x00000000c0af7a98,0x00000000c3880000)
 Metaspace       used 34578K, capacity 35354K, committed 35496K, reserved 1079296K
  class space    used 4654K, capacity 4851K, committed 4864K, reserved 1048576K
Event: 9.800 GC heap after
Heap after GC invocations=9 (full 2):
 PSYoungGen      total 165376K, used 0K [0x00000000eab00000, 0x00000000fd800000, 0x0000000100000000)
  eden space 152064K, 0% used [0x00000000eab00000,0x00000000eab00000,0x00000000f3f80000)
  from space 13312K, 0% used [0x00000000f3f80000,0x00000000f3f80000,0x00000000f4c80000)
  to   space 12800K, 0% used [0x00000000fcb80000,0x00000000fcb80000,0x00000000fd800000)
 ParOldGen       total 72704K, used 16093K [0x00000000c0000000, 0x00000000c4700000, 0x00000000eab00000)
  object space 72704K, 22% used [0x00000000c0000000,0x00000000c0fb7630,0x00000000c4700000)
 Metaspace       used 34578K, capacity 35354K, committed 35496K, reserved 1079296K
  class space    used 4654K, capacity 4851K, committed 4864K, reserved 1048576K
}
Event: 12.230 GC heap before
{Heap before GC invocations=10 (full 2):
 PSYoungGen      total 165376K, used 152064K [0x00000000eab00000, 0x00000000fd800000, 0x0000000100000000)
  eden space 152064K, 100% used [0x00000000eab00000,0x00000000f3f80000,0x00000000f3f80000)
  from space 13312K, 0% used [0x00000000f3f80000,0x00000000f3f80000,0x00000000f4c80000)
  to   space 12800K, 0% used [0x00000000fcb80000,0x00000000fcb80000,0x00000000fd800000)
 ParOldGen       total 72704K, used 16093K [0x00000000c0000000, 0x00000000c4700000, 0x00000000eab00000)
  object space 72704K, 22% used [0x00000000c0000000,0x00000000c0fb7630,0x00000000c4700000)
 Metaspace       used 43063K, capacity 44072K, committed 44288K, reserved 1087488K
  class space    used 5764K, capacity 6020K, committed 6144K, reserved 1048576K
Event: 12.246 GC heap after
Heap after GC invocations=10 (full 2):
 PSYoungGen      total 288256K, used 12770K [0x00000000eab00000, 0x00000000fd800000, 0x0000000100000000)
  eden space 275456K, 0% used [0x00000000eab00000,0x00000000eab00000,0x00000000fb800000)
  from space 12800K, 99% used [0x00000000fcb80000,0x00000000fd7f8af0,0x00000000fd800000)
  to   space 14336K, 0% used [0x00000000fbc00000,0x00000000fbc00000,0x00000000fca00000)
 ParOldGen       total 72704K, used 16155K [0x00000000c0000000, 0x00000000c4700000, 0x00000000eab00000)
  object space 72704K, 22% used [0x00000000c0000000,0x00000000c0fc6c68,0x00000000c4700000)
 Metaspace       used 43063K, capacity 44072K, committed 44288K, reserved 1087488K
  class space    used 5764K, capacity 6020K, committed 6144K, reserved 1048576K
}
Event: 41.883 GC heap before
{Heap before GC invocations=11 (full 2):
 PSYoungGen      total 288256K, used 288226K [0x00000000eab00000, 0x00000000fd800000, 0x0000000100000000)
  eden space 275456K, 100% used [0x00000000eab00000,0x00000000fb800000,0x00000000fb800000)
  from space 12800K, 99% used [0x00000000fcb80000,0x00000000fd7f8af0,0x00000000fd800000)
  to   space 14336K, 0% used [0x00000000fbc00000,0x00000000fbc00000,0x00000000fca00000)
 ParOldGen       total 72704K, used 16155K [0x00000000c0000000, 0x00000000c4700000, 0x00000000eab00000)
  object space 72704K, 22% used [0x00000000c0000000,0x00000000c0fc6c68,0x00000000c4700000)
 Metaspace       used 53796K, capacity 55578K, committed 55680K, reserved 1097728K
  class space    used 7319K, capacity 7745K, committed 7808K, reserved 1048576K
Event: 41.937 GC heap after
Heap after GC invocations=11 (full 2):
 PSYoungGen      total 293888K, used 14335K [0x00000000eab00000, 0x0000000100000000, 0x0000000100000000)
  eden space 279552K, 0% used [0x00000000eab00000,0x00000000eab00000,0x00000000fbc00000)
  from space 14336K, 99% used [0x00000000fbc00000,0x00000000fc9ffe40,0x00000000fca00000)
  to   space 23552K, 0% used [0x00000000fe900000,0x00000000fe900000,0x0000000100000000)
 ParOldGen       total 72704K, used 35417K [0x00000000c0000000, 0x00000000c4700000, 0x00000000eab00000)
  object space 72704K, 48% used [0x00000000c0000000,0x00000000c2296778,0x00000000c4700000)
 Metaspace       used 53796K, capacity 55578K, committed 55680K, reserved 1097728K
  class space    used 7319K, capacity 7745K, committed 7808K, reserved 1048576K
}
Event: 42.967 GC heap before
{Heap before GC invocations=12 (full 2):
 PSYoungGen      total 293888K, used 92526K [0x00000000eab00000, 0x0000000100000000, 0x0000000100000000)
  eden space 279552K, 27% used [0x00000000eab00000,0x00000000ef75bbe0,0x00000000fbc00000)
  from space 14336K, 99% used [0x00000000fbc00000,0x00000000fc9ffe40,0x00000000fca00000)
  to   space 23552K, 0% used [0x00000000fe900000,0x00000000fe900000,0x0000000100000000)
 ParOldGen       total 72704K, used 35417K [0x00000000c0000000, 0x00000000c4700000, 0x00000000eab00000)
  object space 72704K, 48% used [0x00000000c0000000,0x00000000c2296778,0x00000000c4700000)
 Metaspace       used 56653K, capacity 58944K, committed 59136K, reserved 1099776K
  class space    used 7685K, capacity 8179K, committed 8192K, reserved 1048576K
Event: 43.014 GC heap after
Heap after GC invocations=12 (full 2):
 PSYoungGen      total 322560K, used 18946K [0x00000000eab00000, 0x0000000100000000, 0x0000000100000000)
  eden space 299008K, 0% used [0x00000000eab00000,0x00000000eab00000,0x00000000fcf00000)
  from space 23552K, 80% used [0x00000000fe900000,0x00000000ffb80bc0,0x0000000100000000)
  to   space 25088K, 0% used [0x00000000fcf00000,0x00000000fcf00000,0x00000000fe780000)
 ParOldGen       total 72704K, used 39901K [0x00000000c0000000, 0x00000000c4700000, 0x00000000eab00000)
  object space 72704K, 54% used [0x00000000c0000000,0x00000000c26f75a8,0x00000000c4700000)
 Metaspace       used 56653K, capacity 58944K, committed 59136K, reserved 1099776K
  class space    used 7685K, capacity 8179K, committed 8192K, reserved 1048576K
}
Event: 43.014 GC heap before
{Heap before GC invocations=13 (full 3):
 PSYoungGen      total 322560K, used 18946K [0x00000000eab00000, 0x0000000100000000, 0x0000000100000000)
  eden space 299008K, 0% used [0x00000000eab00000,0x00000000eab00000,0x00000000fcf00000)
  from space 23552K, 80% used [0x00000000fe900000,0x00000000ffb80bc0,0x0000000100000000)
  to   space 25088K, 0% used [0x00000000fcf00000,0x00000000fcf00000,0x00000000fe780000)
 ParOldGen       total 72704K, used 39901K [0x00000000c0000000, 0x00000000c4700000, 0x00000000eab00000)
  object space 72704K, 54% used [0x00000000c0000000,0x00000000c26f75a8,0x00000000c4700000)
 Metaspace       used 56653K, capacity 58944K, committed 59136K, reserved 1099776K
  class space    used 7685K, capacity 8179K, committed 8192K, reserved 1048576K

